<?xml version="1.0" encoding="UTF-8"?>
<testng-results ignored="0" total="1" passed="1" failed="0" skipped="0">
  <reporter-output>
  </reporter-output>
  <suite started-at="2023-03-29T01:34:36 IST" name="Surefire suite" finished-at="2023-03-29T01:34:56 IST" duration-ms="19937">
    <groups>
    </groups>
    <test started-at="2023-03-29T01:34:36 IST" name="Surefire test" finished-at="2023-03-29T01:34:56 IST" duration-ms="19937">
      <class name="com.ashish.test.FirstTest">
        <test-method signature="launchApplication()[pri:0, instance:com.ashish.test.FirstTest@1a84f40f]" started-at="2023-03-29T01:34:37 IST" name="launchApplication" finished-at="2023-03-29T01:34:56 IST" duration-ms="19818" status="PASS">
          <reporter-output>
          </reporter-output>
        </test-method> <!-- launchApplication -->
      </class> <!-- com.ashish.test.FirstTest -->
    </test> <!-- Surefire test -->
  </suite> <!-- Surefire suite -->
</testng-results>
